Summary of SPARK analysis
=========================

-------------------------------------------------------------------------------------------------------
SPARK Analysis results        Total         Flow   Interval   CodePeer   Provers   Justified   Unproved
-------------------------------------------------------------------------------------------------------
Data Dependencies                 .            .          .          .         .           .          .
Flow Dependencies                 .            .          .          .         .           .          .
Initialization                   25           25          .          .         .           .          .
Non-Aliasing                      .            .          .          .         .           .          .
Run-time Checks                   .            .          .          .         .           .          .
Assertions                        .            .          .          .         .           .          .
Functional Contracts              .            .          .          .         .           .          .
LSP Verification                  .            .          .          .         .           .          .
-------------------------------------------------------------------------------------------------------
Total                            25    25 (100%)          .          .         .           .          .


Analyzed 1 unit
in unit matharray, 8 subprograms and packages out of 8 analyzed
  MathArray at matharray.ads:1 flow analyzed (0 errors, 0 checks and 0 warnings)
  MathArray.derivative at matharray.ads:11 flow analyzed (0 errors, 0 checks and 0 warnings)
  MathArray.derivative_x at matharray.ads:14 flow analyzed (0 errors, 0 checks and 2 warnings)
  MathArray.logarithm at matharray.ads:17 flow analyzed (0 errors, 0 checks and 0 warnings)
  MathArray.logarithm.exp at matharray.adb:25 flow analyzed (0 errors, 0 checks and 0 warnings)
  MathArray.midpoint at matharray.ads:5 flow analyzed (0 errors, 0 checks and 1 warnings)
  MathArray.module at matharray.ads:8 flow analyzed (0 errors, 0 checks and 3 warnings)
  MathArray.perpendicular_vec at matharray.ads:24 flow analyzed (0 errors, 0 checks and 2 warnings)
